<?xml version="1.0" encoding="UTF-8"?>
<testng-results ignored="0" total="1" passed="1" failed="0" skipped="0">
  <reporter-output>
  </reporter-output>
  <suite started-at="2024-02-28T12:04:55 IST" name="Default suite" finished-at="2024-02-28T12:04:57 IST" duration-ms="1806">
    <groups>
    </groups>
    <test started-at="2024-02-28T12:04:55 IST" name="Default test" finished-at="2024-02-28T12:04:57 IST" duration-ms="1806">
      <class name="Day3.TestHeaders">
        <test-method signature="testHeaders()[pri:0, instance:Day3.TestHeaders@702b8b12]" started-at="2024-02-28T12:04:55 IST" name="testHeaders" finished-at="2024-02-28T12:04:57 IST" duration-ms="1773" status="PASS">
          <reporter-output>
          </reporter-output>
        </test-method> <!-- testHeaders -->
      </class> <!-- Day3.TestHeaders -->
    </test> <!-- Default test -->
  </suite> <!-- Default suite -->
</testng-results>
